<?xml version="1.0" encoding="UTF-8"?>
<testng-results ignored="0" total="1" passed="1" failed="0" skipped="0">
  <reporter-output>
  </reporter-output>
  <suite started-at="2022-11-09T22:34:51 IST" name="Default suite" finished-at="2022-11-09T22:34:51 IST" duration-ms="239">
    <groups>
    </groups>
    <test started-at="2022-11-09T22:34:51 IST" name="Default test" finished-at="2022-11-09T22:34:51 IST" duration-ms="239">
      <class name="Teachers.TestNG">
        <test-method is-config="true" signature="beforeclass()[pri:0, instance:Teachers.TestNG@31c88ec8]" started-at="2022-11-09T22:34:51 IST" name="beforeclass" finished-at="2022-11-09T22:34:51 IST" duration-ms="30" status="PASS">
          <reporter-output>
          </reporter-output>
        </test-method> <!-- beforeclass -->
        <test-method is-config="true" signature="beforeMethod()[pri:0, instance:Teachers.TestNG@31c88ec8]" started-at="2022-11-09T22:34:51 IST" name="beforeMethod" finished-at="2022-11-09T22:34:51 IST" duration-ms="1" status="PASS">
          <reporter-output>
          </reporter-output>
        </test-method> <!-- beforeMethod -->
        <test-method signature="test123()[pri:0, instance:Teachers.TestNG@31c88ec8]" started-at="2022-11-09T22:34:51 IST" name="test123" finished-at="2022-11-09T22:34:51 IST" duration-ms="33" status="PASS">
          <reporter-output>
          </reporter-output>
        </test-method> <!-- test123 -->
      </class> <!-- Teachers.TestNG -->
    </test> <!-- Default test -->
  </suite> <!-- Default suite -->
</testng-results>
